2022-03-15 08:13:44,448:INFO:Rotating Log:###### File to be encrypted test.mp4  #######
2022-03-15 08:13:52,872:INFO:Rotating Log:###### key for the encryption generated ######
2022-03-15 08:13:52,878:INFO:Rotating Log:###### key loaded ######
2022-03-15 08:13:52,878:WARNING:Rotating Log:###### opening original file  ######
2022-03-15 08:13:53,813:INFO:Rotating Log:###### file encrypted ######
2022-03-15 08:13:53,972:INFO:Rotating Log:###### Encrypted file saved  ######
2022-03-15 08:13:53,981:INFO:Rotating Log:###### File Encrypted ! and saved with name - test1.mp4 #######
2022-03-15 08:19:50,256:INFO:Rotating Log:###### File to be encrypted test.mp4  #######
2022-03-15 08:19:55,536:INFO:Rotating Log:###### key for the encryption generated ######
2022-03-15 08:19:55,542:INFO:Rotating Log:###### key loaded ######
2022-03-15 08:19:55,543:WARNING:Rotating Log:###### opening original file  ######
2022-03-15 08:19:56,654:INFO:Rotating Log:###### file encrypted ######
2022-03-15 08:19:56,827:INFO:Rotating Log:###### Encrypted file saved  ######
2022-03-15 08:19:56,837:INFO:Rotating Log:###### File Encrypted ! and saved with name - test2.mp4 #######
2022-03-15 08:20:41,216:INFO:Rotating Log:###### File to be decrypted -  test2.mp4  #######
2022-03-15 08:20:44,745:INFO:Rotating Log:###### key loaded ######
2022-03-15 08:20:44,746:INFO:Rotating Log:###### opening encrypted file ######
2022-03-15d ######
2022-03-15 08:20:45,683:INFO:Rotating Log:###### Fi 08:20:45,554:INFO:Rotating Log:###### File decrypted ######
2022-03-15 08:20:45,672:INFO:Rotating Log:###### Decrypted file savele Decrypted ! and saved with name - test3.mp4 #######
2022-03-15 08:38:31,902:INFO:Rotating Log:###### File to be decrypted -  test.mp4  #######
2022-03-15 08:38:38,435:INFO:Rotating Log:###### key loaded ######
2022-03-15 08:38:38,540:INFO:Rotating Log:###### opening encrypted file ######
2022-03-15 08:38:38,540:ERROR:Rotating Log:###### Decryption fails due to [Errno 2] No such file or directory: 'test.mp4' #######
